<?xml version="1.0" encoding="UTF-8"?>
<!-- Generated by org.testng.reporters.JUnitXMLReporter -->
<testsuite hostname="Lenovo-PC" name="Default test" tests="3" failures="0" timestamp="31 Aug 2020 02:49:13 GMT" time="47.408" errors="0">
  <testcase name="printorganisationvalues" time="0.257" classname="com.candiatepsiexam.testcases.RegisterForExamination"/>
  <testcase name="verifytestcenterpopupscreens" time="4.337" classname="com.candiatepsiexam.testcases.RegisterForExamination"/>
  <testcase name="registerforexam" time="32.51" classname="com.candiatepsiexam.testcases.RegisterForExamination"/>
</testsuite> <!-- Default test -->
